Line 24: Class ComctlLib.Toolbar of control TBar was not a loaded control class.
Line 144: Class MSAdodcLib.Adodc of control adoReg was not a loaded control class.
Line 191: Class TabDlg.SSTab of control SSTab1 was not a loaded control class.
Line 275: Class MSAdodcLib.Adodc of control adoCartao was not a loaded control class.
Line 345: Class MSAdodcLib.Adodc of control adoLogo was not a loaded control class.
Line 446: Class Skin_Button.ctr_Button of control btFiltrar was not a loaded control class.
Line 487: Class MSDataListLib.DataCombo of control txt_logo_pesq was not a loaded control class.
Line 505: Class MSDataListLib.DataCombo of control txt_cartao_pesq was not a loaded control class.
Line 562: Class MSDataGridLib.DataGrid of control grid was not a loaded control class.
Line 778: Class rdActiveText.ActiveText of control txt_txV_add was not a loaded control class.
Line 813: Class MSDataListLib.DataCombo of control txt_Logo_add was not a loaded control class.
Line 832: Class MSDataListLib.DataCombo of control txt_Cartao_add was not a loaded control class.
Line 851: Class rdActiveText.ActiveText of control txt_dias_V_add was not a loaded control class.
Line 876: Class rdActiveText.ActiveText of control txt_vr_desc_V_add was not a loaded control class.
Line 911: Class rdActiveText.ActiveText of control txt_tx_Pz_add was not a loaded control class.
Line 946: Class rdActiveText.ActiveText of control txt_dias_P_add was not a loaded control class.
Line 971: Class rdActiveText.ActiveText of control txt_vr_desc_Pz_add was not a loaded control class.
Line 1006: Class rdActiveText.ActiveText of control txt_tx_Po_add was not a loaded control class.
Line 1040: Class MSDataListLib.DataCombo of control txt_bco_add was not a loaded control class.
Line 1057: Class rdActiveText.ActiveText of control txt_label_ndoc was not a loaded control class.
Line 1353: Class MSAdodcLib.Adodc of control adoSQL was not a loaded control class.
Line 1400: Class ComctlLib.ImageList of control IMG was not a loaded control class.
