Line 24: Class ComctlLib.Toolbar of control TBar was not a loaded control class.
Line 153: Class Skin_Button.ctr_Button of control txt_Calc was not a loaded control class.
Line 192: Class MSHierarchicalFlexGridLib.MSHFlexGrid of control Grid was not a loaded control class.
Line 207: Class MSAdodcLib.Adodc of control adoForma was not a loaded control class.
Line 254: Class MSAdodcLib.Adodc of control adoCartao was not a loaded control class.
Line 301: Class MSAdodcLib.Adodc of control adoLogo was not a loaded control class.
Line 348: Class rdActiveText.ActiveText of control txt_tx was not a loaded control class.
Line 383: Class MSDataListLib.DataCombo of control txt_Logo was not a loaded control class.
Line 401: Class MSDataListLib.DataCombo of control txt_Cartao was not a loaded control class.
Line 418: Class rdActiveText.ActiveText of control txt_dias_V was not a loaded control class.
Line 441: Class rdActiveText.ActiveText of control txt_tx_fixo was not a loaded control class.
Line 476: Class rdActiveText.ActiveText of control txt_tx_po was not a loaded control class.
Line 511: Class rdActiveText.ActiveText of control txt_NDOC was not a loaded control class.
Line 535: Class MSDataListLib.DataCombo of control txt_FormaPg was not a loaded control class.
Line 552: Class MSDataListLib.DataCombo of control txt_banco was not a loaded control class.
Line 570: Class MSDataListLib.DataCombo of control txt_tipoC was not a loaded control class.
Line 586: Class rdActiveText.ActiveText of control txt_dt_vnd was not a loaded control class.
Line 620: Class MSDataListLib.DataCombo of control txt_FormaPg_Parc was not a loaded control class.
Line 638: Class MSDataListLib.DataCombo of control txt_FormaPg_Tipo was not a loaded control class.
Line 656: Class rdActiveText.ActiveText of control txt_Pre was not a loaded control class.
Line 691: Class MSDataListLib.DataCombo of control txt_LbDoc was not a loaded control class.
Line 707: Class rdActiveText.ActiveText of control txt_Valor_Vnd was not a loaded control class.
Line 739: Class MSDataListLib.DataCombo of control txt_Desc_Parc was not a loaded control class.
Line 755: Class rdActiveText.ActiveText of control txt_NResumo was not a loaded control class.
Line 1053: Class ComctlLib.ImageList of control IMG was not a loaded control class.
