Line 23: Class ComctlLib.Toolbar of control TBar was not a loaded control class.
Line 123: Class MSDataGridLib.DataGrid of control DataGrid1 was not a loaded control class.
Line 354: Class MSAdodcLib.Adodc of control adoGrid was not a loaded control class.
Line 401: Class MSAdodcLib.Adodc of control adoReg was not a loaded control class.
Line 470: Class MSAdodcLib.Adodc of control adoCartao was not a loaded control class.
Line 607: Class rdActiveText.ActiveText of control Txt_DtI was not a loaded control class.
Line 642: Class rdActiveText.ActiveText of control Txt_DtF was not a loaded control class.
Line 677: Class MSDataListLib.DataCombo of control txt_Logo_P was not a loaded control class.
Line 696: Class MSDataListLib.DataCombo of control txt_Cartao_P was not a loaded control class.
Line 714: Class rdActiveText.ActiveText of control txt_NDOC_P was not a loaded control class.
Line 738: Class rdActiveText.ActiveText of control txt_NResumo_P was not a loaded control class.
Line 762: Class Skin_Button.ctr_Button of control bt_Pesq was not a loaded control class.
Line 801: Class MSAdodcLib.Adodc of control adoLogo was not a loaded control class.
Line 965: Class MSDataGridLib.DataGrid of control grid was not a loaded control class.
Line 1090: Class rdActiveText.ActiveText of control txt_tx was not a loaded control class.
Line 1127: Class MSDataListLib.DataCombo of control txt_Logo was not a loaded control class.
Line 1148: Class MSDataListLib.DataCombo of control txt_Cartao was not a loaded control class.
Line 1168: Class rdActiveText.ActiveText of control txt_tx_fixo was not a loaded control class.
Line 1205: Class rdActiveText.ActiveText of control txt_tx_po was not a loaded control class.
Line 1242: Class rdActiveText.ActiveText of control txt_NDOC was not a loaded control class.
Line 1268: Class MSDataListLib.DataCombo of control txt_FormaPg was not a loaded control class.
Line 1288: Class rdActiveText.ActiveText of control txt_dt_vnd was not a loaded control class.
Line 1325: Class rdActiveText.ActiveText of control txt_Valor_Vnd was not a loaded control class.
Line 1360: Class rdActiveText.ActiveText of control txt_NResumo was not a loaded control class.
Line 1576: Class ComctlLib.ImageList of control IMG was not a loaded control class.
