Line 224: Property FontSize in txt_DtVcto had an invalid value.
Line 376: Property FontSize in txt_Bto had an invalid value.
Line 409: Property FontSize in txt_Liq had an invalid value.
Line 727: Property FontSize in Txt_DtI had an invalid value.
Line 762: Property FontSize in Txt_DtF had an invalid value.
Line 823: Property FontSize in txt_NDOC_P had an invalid value.
Line 847: Property FontSize in txt_NResumo_P had an invalid value.
Line 921: Property FontSize in Txt_DtIP had an invalid value.
Line 956: Property FontSize in Txt_DtFP had an invalid value.
Line 1364: Property ColumnWidth in Column00 had an invalid value.
Line 1368: Property ColumnWidth in Column01 had an invalid value.
Line 1373: Property ColumnWidth in Column02 had an invalid value.
Line 1378: Property ColumnWidth in Column03 had an invalid value.
Line 1383: Property ColumnWidth in Column04 had an invalid value.
Line 1388: Property ColumnWidth in Column05 had an invalid value.
Line 1394: Property ColumnWidth in Column06 had an invalid value.
Line 1398: Property ColumnWidth in Column07 had an invalid value.
Line 1403: Property ColumnWidth in Column08 had an invalid value.
Line 1408: Property ColumnWidth in Column09 had an invalid value.
Line 1413: Property ColumnWidth in Column10 had an invalid value.
Line 1418: Property ColumnWidth in Column11 had an invalid value.
Line 1423: Property ColumnWidth in Column12 had an invalid value.
Line 1428: Property ColumnWidth in Column13 had an invalid value.
Line 1433: Property ColumnWidth in Column14 had an invalid value.
Line 1438: Property ColumnWidth in Column15 had an invalid value.
Line 1473: Property FontSize in txt_Qtde had an invalid value.
