Line 23: Class ComctlLib.Toolbar of control TBar was not a loaded control class.
Line 118: Class Skin_Button.ctr_Button of control txt_Calc was not a loaded control class.
Line 157: Class MSHierarchicalFlexGridLib.MSHFlexGrid of control Grid was not a loaded control class.
Line 172: Class MSAdodcLib.Adodc of control adoForma was not a loaded control class.
Line 219: Class MSAdodcLib.Adodc of control adoCartao was not a loaded control class.
Line 266: Class MSAdodcLib.Adodc of control adoLogo was not a loaded control class.
Line 313: Class rdActiveText.ActiveText of control txt_tx was not a loaded control class.
Line 348: Class MSDataListLib.DataCombo of control txt_Logo was not a loaded control class.
Line 366: Class MSDataListLib.DataCombo of control txt_Cartao was not a loaded control class.
Line 383: Class rdActiveText.ActiveText of control txt_dias_V was not a loaded control class.
Line 406: Class rdActiveText.ActiveText of control txt_tx_fixo was not a loaded control class.
Line 441: Class rdActiveText.ActiveText of control txt_tx_po was not a loaded control class.
Line 476: Class rdActiveText.ActiveText of control txt_NDOC was not a loaded control class.
Line 500: Class MSDataListLib.DataCombo of control txt_FormaPg was not a loaded control class.
Line 517: Class MSDataListLib.DataCombo of control txt_banco was not a loaded control class.
Line 535: Class MSDataListLib.DataCombo of control txt_tipoC was not a loaded control class.
Line 551: Class rdActiveText.ActiveText of control txt_dt_vnd was not a loaded control class.
Line 585: Class MSDataListLib.DataCombo of control txt_FormaPg_Parc was not a loaded control class.
Line 603: Class MSDataListLib.DataCombo of control txt_FormaPg_Tipo was not a loaded control class.
Line 621: Class rdActiveText.ActiveText of control txt_Pre was not a loaded control class.
Line 656: Class MSDataListLib.DataCombo of control txt_LbDoc was not a loaded control class.
Line 672: Class rdActiveText.ActiveText of control txt_Valor_Vnd was not a loaded control class.
Line 704: Class MSDataListLib.DataCombo of control txt_Desc_Parc was not a loaded control class.
Line 720: Class rdActiveText.ActiveText of control txt_NResumo was not a loaded control class.
Line 1018: Class ComctlLib.ImageList of control IMG was not a loaded control class.
